RUN	basic_simulation.LoopRequest	looprequest	1626516614663	 	3.6.1
USER	user request scenario	START	1626516616126
USER	user request scenario	START	1626516616125
USER	user request scenario	START	1626516616125
USER	user request scenario	START	1626516616126
USER	user request scenario	START	1626516616125
USER	user request scenario	START	1626516616125
USER	user request scenario	START	1626516616126
USER	user request scenario	START	1626516616125
USER	user request scenario	START	1626516616125
USER	user request scenario	START	1626516616126
REQUEST		get all users	1626516616159	1626516616443	OK	 
REQUEST		get all users	1626516616159	1626516616442	OK	 
REQUEST		get all users	1626516616159	1626516616441	OK	 
REQUEST		get all users	1626516616159	1626516616441	OK	 
REQUEST		get all users	1626516616160	1626516616440	OK	 
REQUEST		get all users	1626516616159	1626516616442	OK	 
REQUEST		get all users	1626516616160	1626516616585	OK	 
REQUEST		get all users	1626516616160	1626516616585	OK	 
REQUEST		get all users	1626516616160	1626516616585	OK	 
REQUEST		get all users	1626516616160	1626516616602	OK	 
REQUEST		get all users Redirect 1	1626516616471	1626516616746	OK	 
REQUEST		get all users Redirect 1	1626516616471	1626516616748	OK	 
REQUEST		get all users Redirect 1	1626516616472	1626516616746	OK	 
REQUEST		get all users Redirect 1	1626516616471	1626516616746	OK	 
REQUEST		get all users Redirect 1	1626516616471	1626516616746	OK	 
REQUEST		get all users Redirect 1	1626516616471	1626516616851	OK	 
REQUEST		get all users Redirect 1	1626516616585	1626516616880	OK	 
REQUEST		get all users Redirect 1	1626516616586	1626516616882	OK	 
REQUEST		get all users Redirect 1	1626516616585	1626516616890	OK	 
REQUEST		get all users Redirect 1	1626516616602	1626516616907	OK	 
REQUEST		get a user	1626516618778	1626516618834	OK	 
REQUEST		get a user	1626516618778	1626516618836	OK	 
REQUEST		get a user	1626516618778	1626516618840	OK	 
REQUEST		get a user	1626516618778	1626516618844	OK	 
REQUEST		get a user	1626516618778	1626516618851	OK	 
REQUEST		get a user Redirect 1	1626516618841	1626516618896	OK	 
REQUEST		get a user Redirect 1	1626516618837	1626516618898	OK	 
REQUEST		get a user Redirect 1	1626516618835	1626516618900	OK	 
REQUEST		get a user Redirect 1	1626516618845	1626516618900	OK	 
REQUEST		get a user Redirect 1	1626516618852	1626516618914	OK	 
REQUEST		get a user	1626516618853	1626516618946	OK	 
REQUEST		get a user	1626516618889	1626516618980	OK	 
REQUEST		get a user	1626516618898	1626516618993	OK	 
REQUEST		get a user	1626516618889	1626516618999	OK	 
REQUEST		get a user	1626516618914	1626516619024	OK	 
REQUEST		get a user Redirect 1	1626516618947	1626516619041	OK	 
REQUEST		get a user Redirect 1	1626516618981	1626516619075	OK	 
REQUEST		get a user Redirect 1	1626516618994	1626516619109	OK	 
REQUEST		get a user Redirect 1	1626516619000	1626516619111	OK	 
REQUEST		get a user Redirect 1	1626516619025	1626516619122	OK	 
REQUEST		add a user	1626516620907	1626516620969	OK	 
REQUEST		add a user	1626516620907	1626516620978	OK	 
REQUEST		add a user	1626516620907	1626516620978	OK	 
REQUEST		add a user	1626516620907	1626516620978	OK	 
REQUEST		add a user	1626516620921	1626516620995	OK	 
REQUEST		add a user Redirect 1	1626516620970	1626516621033	KO	status.find.is(201), but actually found 200
REQUEST		add a user Redirect 1	1626516620979	1626516621071	KO	status.find.is(201), but actually found 200
REQUEST		add a user Redirect 1	1626516620979	1626516621078	KO	status.find.is(201), but actually found 200
REQUEST		add a user Redirect 1	1626516620979	1626516621078	KO	status.find.is(201), but actually found 200
REQUEST		add a user Redirect 1	1626516620996	1626516621082	KO	status.find.is(201), but actually found 200
REQUEST		add a user	1626516621048	1626516621142	OK	 
REQUEST		add a user	1626516621078	1626516621168	OK	 
REQUEST		add a user	1626516621114	1626516621207	OK	 
REQUEST		add a user	1626516621114	1626516621209	OK	 
REQUEST		add a user	1626516621127	1626516621231	OK	 
REQUEST		add a user Redirect 1	1626516621144	1626516621238	KO	status.find.is(201), but actually found 200
REQUEST		add a user Redirect 1	1626516621169	1626516621271	KO	status.find.is(201), but actually found 200
REQUEST		add a user Redirect 1	1626516621210	1626516621317	KO	status.find.is(201), but actually found 200
REQUEST		add a user Redirect 1	1626516621233	1626516621334	KO	status.find.is(201), but actually found 200
REQUEST		add a user Redirect 1	1626516621073	1626516621384	OK	 
USER	user request scenario	END	1626516621393
REQUEST		add a user Redirect 1	1626516621208	1626516621397	KO	status.find.is(201), but actually found 200
REQUEST		add a user Redirect 1	1626516621055	1626516621399	OK	 
USER	user request scenario	END	1626516621403
REQUEST		add a user Redirect 1	1626516621084	1626516621405	OK	 
USER	user request scenario	END	1626516621408
REQUEST		add a user Redirect 1	1626516621080	1626516621412	OK	 
USER	user request scenario	END	1626516621416
REQUEST		add a user Redirect 1	1626516621080	1626516621433	OK	 
USER	user request scenario	END	1626516621435
REQUEST		add a user Redirect 1	1626516621274	1626516621939	OK	 
REQUEST		add a user Redirect 1	1626516621240	1626516621939	OK	 
USER	user request scenario	END	1626516621940
USER	user request scenario	END	1626516621940
REQUEST		add a user Redirect 1	1626516621338	1626516621952	OK	 
REQUEST		add a user Redirect 1	1626516621319	1626516621952	OK	 
USER	user request scenario	END	1626516621953
USER	user request scenario	END	1626516621953
REQUEST		add a user Redirect 1	1626516621402	1626516621960	OK	 
USER	user request scenario	END	1626516621961
