RUN	basic_simulation.LoopRequest	looprequest	1626513104516	 	3.6.1
USER	user request scenario	START	1626513106183
USER	user request scenario	START	1626513106184
USER	user request scenario	START	1626513106184
USER	user request scenario	START	1626513106183
USER	user request scenario	START	1626513106184
USER	user request scenario	START	1626513106184
USER	user request scenario	START	1626513106183
USER	user request scenario	START	1626513106185
USER	user request scenario	START	1626513106185
USER	user request scenario	START	1626513106184
REQUEST		get all users	1626513106241	1626513106500	OK	 
REQUEST		get all users	1626513106241	1626513106501	OK	 
REQUEST		get all users	1626513106241	1626513106500	OK	 
REQUEST		get all users	1626513106242	1626513106610	OK	 
REQUEST		get all users	1626513106242	1626513106611	OK	 
REQUEST		get all users	1626513106242	1626513106611	OK	 
REQUEST		get all users	1626513106241	1626513106617	OK	 
REQUEST		get all users	1626513106241	1626513106617	OK	 
REQUEST		get all users	1626513106242	1626513106618	OK	 
REQUEST		get all users	1626513106241	1626513106655	OK	 
REQUEST		get all users Redirect 1	1626513106522	1626513106725	OK	 
REQUEST		get all users Redirect 1	1626513106522	1626513106774	OK	 
REQUEST		get all users Redirect 1	1626513106522	1626513106787	OK	 
REQUEST		get all users Redirect 1	1626513106612	1626513106968	OK	 
REQUEST		get all users Redirect 1	1626513106612	1626513106973	OK	 
REQUEST		get all users Redirect 1	1626513106618	1626513106976	OK	 
REQUEST		get all users Redirect 1	1626513106618	1626513106977	OK	 
REQUEST		get all users Redirect 1	1626513106620	1626513106984	OK	 
REQUEST		get all users Redirect 1	1626513106657	1626513106988	OK	 
REQUEST		get all users Redirect 1	1626513106612	1626513107141	OK	 
REQUEST		get a user	1626513108744	1626513108804	OK	 
REQUEST		get a user	1626513108783	1626513108837	OK	 
REQUEST		get a user	1626513108792	1626513108857	OK	 
REQUEST		get a user Redirect 1	1626513108805	1626513108862	OK	 
REQUEST		get a user Redirect 1	1626513108839	1626513108897	OK	 
REQUEST		get a user Redirect 1	1626513108857	1626513108922	OK	 
REQUEST		get a user	1626513108971	1626513109071	OK	 
REQUEST		get a user	1626513108979	1626513109078	OK	 
REQUEST		get a user	1626513108982	1626513109078	OK	 
REQUEST		get a user	1626513108985	1626513109080	OK	 
REQUEST		get a user	1626513108991	1626513109084	OK	 
REQUEST		get a user	1626513108996	1626513109091	OK	 
REQUEST		get a user Redirect 1	1626513109072	1626513109174	OK	 
REQUEST		get a user Redirect 1	1626513109078	1626513109175	OK	 
REQUEST		get a user Redirect 1	1626513109078	1626513109181	OK	 
REQUEST		get a user Redirect 1	1626513109085	1626513109183	OK	 
REQUEST		get a user Redirect 1	1626513109080	1626513109191	OK	 
REQUEST		get a user Redirect 1	1626513109092	1626513109214	OK	 
REQUEST		get a user	1626513109147	1626513109241	OK	 
REQUEST		get a user Redirect 1	1626513109242	1626513109345	OK	 
REQUEST		add a user	1626513110870	1626513110929	OK	 
REQUEST		add a user	1626513110900	1626513110973	OK	 
REQUEST		add a user	1626513110927	1626513110992	OK	 
REQUEST		add a user Redirect 1	1626513110930	1626513110982	KO	status.find.is(201), but actually found 200
REQUEST		add a user Redirect 1	1626513110973	1626513111031	KO	status.find.is(201), but actually found 200
REQUEST		add a user Redirect 1	1626513110993	1626513111058	KO	status.find.is(201), but actually found 200
REQUEST		add a user	1626513111186	1626513111276	OK	 
REQUEST		add a user	1626513111186	1626513111277	OK	 
REQUEST		add a user	1626513111182	1626513111282	OK	 
REQUEST		add a user	1626513111183	1626513111284	OK	 
REQUEST		add a user	1626513111199	1626513111291	OK	 
REQUEST		add a user	1626513111220	1626513111312	OK	 
REQUEST		add a user Redirect 1	1626513111277	1626513111377	KO	status.find.is(201), but actually found 200
REQUEST		add a user Redirect 1	1626513111002	1626513111379	OK	 
USER	user request scenario	END	1626513111383
REQUEST		add a user Redirect 1	1626513111278	1626513111383	KO	status.find.is(201), but actually found 200
REQUEST		add a user Redirect 1	1626513111282	1626513111384	KO	status.find.is(201), but actually found 200
REQUEST		add a user Redirect 1	1626513111284	1626513111393	KO	status.find.is(201), but actually found 200
REQUEST		add a user Redirect 1	1626513111292	1626513111394	KO	status.find.is(201), but actually found 200
REQUEST		add a user Redirect 1	1626513111059	1626513111403	OK	 
REQUEST		add a user Redirect 1	1626513111033	1626513111403	OK	 
USER	user request scenario	END	1626513111405
USER	user request scenario	END	1626513111405
REQUEST		add a user Redirect 1	1626513111313	1626513111417	KO	status.find.is(201), but actually found 200
REQUEST		add a user	1626513111352	1626513111447	OK	 
REQUEST		add a user Redirect 1	1626513111448	1626513111551	KO	status.find.is(201), but actually found 200
REQUEST		add a user Redirect 1	1626513111385	1626513111884	OK	 
USER	user request scenario	END	1626513111885
REQUEST		add a user Redirect 1	1626513111396	1626513111897	OK	 
REQUEST		add a user Redirect 1	1626513111395	1626513111897	OK	 
USER	user request scenario	END	1626513111898
USER	user request scenario	END	1626513111898
REQUEST		add a user Redirect 1	1626513111378	1626513111911	OK	 
USER	user request scenario	END	1626513111912
REQUEST		add a user Redirect 1	1626513111385	1626513111920	OK	 
USER	user request scenario	END	1626513111922
REQUEST		add a user Redirect 1	1626513111420	1626513111922	OK	 
USER	user request scenario	END	1626513111923
REQUEST		add a user Redirect 1	1626513111553	1626513112080	OK	 
USER	user request scenario	END	1626513112081
