RUN	basic_simulation.LoopRequest	looprequest	1626541633123	 	3.6.1
USER	user request scenario	START	1626541634453
USER	user request scenario	START	1626541634453
USER	user request scenario	START	1626541634453
USER	user request scenario	START	1626541634453
USER	user request scenario	START	1626541634453
USER	user request scenario	START	1626541634453
USER	user request scenario	START	1626541634453
USER	user request scenario	START	1626541634453
USER	user request scenario	START	1626541634453
USER	user request scenario	START	1626541634453
REQUEST		get all users	1626541634501	1626541634656	OK	 
REQUEST		get all users	1626541634501	1626541634652	OK	 
REQUEST		get all users	1626541634501	1626541634665	OK	 
REQUEST		get all users	1626541634503	1626541634665	OK	 
REQUEST		get all users	1626541634502	1626541634659	OK	 
REQUEST		get all users	1626541634503	1626541634710	OK	 
REQUEST		get all users	1626541634502	1626541634717	OK	 
REQUEST		get all users	1626541634501	1626541634722	OK	 
REQUEST		get all users	1626541634501	1626541634738	OK	 
REQUEST		get all users	1626541634501	1626541634770	OK	 
REQUEST		get all users Redirect 1	1626541634670	1626541634853	OK	 
REQUEST		get all users Redirect 1	1626541634670	1626541634849	OK	 
REQUEST		get all users Redirect 1	1626541634670	1626541634852	OK	 
REQUEST		get all users Redirect 1	1626541634670	1626541634839	OK	 
REQUEST		get all users Redirect 1	1626541634670	1626541634856	OK	 
REQUEST		get all users Redirect 1	1626541634711	1626541634989	OK	 
REQUEST		get all users Redirect 1	1626541634722	1626541635003	OK	 
REQUEST		get all users Redirect 1	1626541634739	1626541635010	OK	 
REQUEST		get all users Redirect 1	1626541634718	1626541635011	OK	 
REQUEST		get all users Redirect 1	1626541634771	1626541635056	OK	 
REQUEST		get a user	1626541636870	1626541636958	OK	 
REQUEST		get a user	1626541636870	1626541636958	OK	 
REQUEST		get a user	1626541636870	1626541636958	OK	 
REQUEST		get a user	1626541636870	1626541636958	OK	 
REQUEST		get a user	1626541636870	1626541636958	OK	 
REQUEST		get a user Redirect 1	1626541636959	1626541637035	OK	 
REQUEST		get a user Redirect 1	1626541636959	1626541637035	OK	 
REQUEST		get a user Redirect 1	1626541636959	1626541637035	OK	 
REQUEST		get a user Redirect 1	1626541636959	1626541637035	OK	 
REQUEST		get a user Redirect 1	1626541636959	1626541637035	OK	 
REQUEST		get a user	1626541637012	1626541637121	OK	 
REQUEST		get a user	1626541637019	1626541637121	OK	 
REQUEST		get a user	1626541637019	1626541637121	OK	 
REQUEST		get a user	1626541636993	1626541637125	OK	 
REQUEST		get a user	1626541637061	1626541637169	OK	 
REQUEST		get a user Redirect 1	1626541637125	1626541637232	OK	 
REQUEST		get a user Redirect 1	1626541637122	1626541637232	OK	 
REQUEST		get a user Redirect 1	1626541637122	1626541637232	OK	 
REQUEST		get a user Redirect 1	1626541637122	1626541637254	OK	 
REQUEST		get a user Redirect 1	1626541637170	1626541637276	OK	 
REQUEST		add a user	1626541639054	1626541639187	OK	 
REQUEST		add a user	1626541639054	1626541639187	OK	 
REQUEST		add a user	1626541639054	1626541639187	OK	 
REQUEST		add a user	1626541639054	1626541639187	OK	 
REQUEST		add a user	1626541639054	1626541639187	OK	 
REQUEST		add a user Redirect 1	1626541639187	1626541639247	KO	status.find.is(201), but actually found 200
REQUEST		add a user Redirect 1	1626541639187	1626541639248	KO	status.find.is(201), but actually found 200
REQUEST		add a user Redirect 1	1626541639187	1626541639249	KO	status.find.is(201), but actually found 200
REQUEST		add a user Redirect 1	1626541639187	1626541639247	KO	status.find.is(201), but actually found 200
REQUEST		add a user Redirect 1	1626541639187	1626541639247	KO	status.find.is(201), but actually found 200
REQUEST		add a user	1626541639237	1626541639329	OK	 
REQUEST		add a user	1626541639237	1626541639329	OK	 
REQUEST		add a user	1626541639237	1626541639332	OK	 
REQUEST		add a user	1626541639260	1626541639351	OK	 
REQUEST		add a user	1626541639282	1626541639378	OK	 
REQUEST		add a user Redirect 1	1626541639333	1626541639426	KO	status.find.is(201), but actually found 200
REQUEST		add a user Redirect 1	1626541639330	1626541639426	KO	status.find.is(201), but actually found 200
REQUEST		add a user Redirect 1	1626541639330	1626541639430	KO	status.find.is(201), but actually found 200
REQUEST		add a user Redirect 1	1626541639352	1626541639451	KO	status.find.is(201), but actually found 200
REQUEST		add a user Redirect 1	1626541639378	1626541639476	KO	status.find.is(201), but actually found 200
REQUEST		add a user Redirect 1	1626541639251	1626541639906	OK	 
REQUEST		add a user Redirect 1	1626541639251	1626541639906	OK	 
REQUEST		add a user Redirect 1	1626541639251	1626541639906	OK	 
REQUEST		add a user Redirect 1	1626541639428	1626541639906	OK	 
REQUEST		add a user Redirect 1	1626541639252	1626541639906	OK	 
REQUEST		add a user Redirect 1	1626541639251	1626541639906	OK	 
USER	user request scenario	END	1626541639913
USER	user request scenario	END	1626541639913
USER	user request scenario	END	1626541639913
USER	user request scenario	END	1626541639913
USER	user request scenario	END	1626541639913
USER	user request scenario	END	1626541639914
REQUEST		add a user Redirect 1	1626541639427	1626541639919	OK	 
REQUEST		add a user Redirect 1	1626541639431	1626541639919	OK	 
USER	user request scenario	END	1626541639922
USER	user request scenario	END	1626541639922
REQUEST		add a user Redirect 1	1626541639454	1626541639966	OK	 
USER	user request scenario	END	1626541639968
REQUEST		add a user Redirect 1	1626541639477	1626541639990	OK	 
USER	user request scenario	END	1626541639993
