RUN	basic_simulation.FixedDurationLoad	fixeddurationload	1626541547497	 	3.6.1
USER	user request scenario	START	1626541549401
USER	user request scenario	START	1626541549400
USER	user request scenario	START	1626541549400
USER	user request scenario	START	1626541549401
USER	user request scenario	START	1626541549400
USER	user request scenario	START	1626541549400
USER	user request scenario	START	1626541549401
USER	user request scenario	START	1626541549400
USER	user request scenario	START	1626541549400
USER	user request scenario	START	1626541549401
REQUEST		get all users	1626541549446	1626541549593	OK	 
REQUEST		get all users	1626541549447	1626541549598	OK	 
REQUEST		get all users	1626541549446	1626541549608	OK	 
REQUEST		get all users	1626541549446	1626541549611	OK	 
REQUEST		get all users	1626541549446	1626541549621	OK	 
REQUEST		get all users	1626541549446	1626541549653	OK	 
REQUEST		get all users	1626541549446	1626541549658	OK	 
REQUEST		get all users	1626541549447	1626541549658	OK	 
REQUEST		get all users	1626541549446	1626541549659	OK	 
REQUEST		get all users	1626541549446	1626541549660	OK	 
REQUEST		get all users Redirect 1	1626541549608	1626541549790	OK	 
REQUEST		get all users Redirect 1	1626541549607	1626541549789	OK	 
REQUEST		get all users Redirect 1	1626541549612	1626541549790	OK	 
REQUEST		get all users Redirect 1	1626541549607	1626541549786	OK	 
REQUEST		get all users Redirect 1	1626541549621	1626541549800	OK	 
REQUEST		get all users Redirect 1	1626541549654	1626541549931	OK	 
REQUEST		get all users Redirect 1	1626541549661	1626541549936	OK	 
REQUEST		get all users Redirect 1	1626541549660	1626541549942	OK	 
REQUEST		get all users Redirect 1	1626541549659	1626541549942	OK	 
REQUEST		get all users Redirect 1	1626541549659	1626541549962	OK	 
REQUEST		get a user	1626541551806	1626541551864	OK	 
REQUEST		get a user	1626541551806	1626541551864	OK	 
REQUEST		get a user	1626541551806	1626541551864	OK	 
REQUEST		get a user	1626541551806	1626541551867	OK	 
REQUEST		get a user	1626541551806	1626541551867	OK	 
REQUEST		get a user Redirect 1	1626541551864	1626541551923	OK	 
REQUEST		get a user Redirect 1	1626541551868	1626541551924	OK	 
REQUEST		get a user Redirect 1	1626541551864	1626541551924	OK	 
REQUEST		get a user Redirect 1	1626541551865	1626541551925	OK	 
REQUEST		get a user Redirect 1	1626541551868	1626541551934	OK	 
REQUEST		get a user	1626541551934	1626541552027	OK	 
REQUEST		get a user	1626541551942	1626541552036	OK	 
REQUEST		get a user	1626541551948	1626541552041	OK	 
REQUEST		get a user	1626541551948	1626541552044	OK	 
REQUEST		get a user	1626541551969	1626541552074	OK	 
REQUEST		get a user Redirect 1	1626541552028	1626541552124	OK	 
REQUEST		get a user Redirect 1	1626541552036	1626541552146	OK	 
REQUEST		get a user Redirect 1	1626541552044	1626541552147	OK	 
REQUEST		get a user Redirect 1	1626541552042	1626541552152	OK	 
REQUEST		get a user Redirect 1	1626541552075	1626541552171	OK	 
REQUEST		add a user	1626541553936	1626541553994	OK	 
REQUEST		add a user	1626541553936	1626541553995	OK	 
REQUEST		add a user	1626541553936	1626541553995	OK	 
REQUEST		add a user	1626541553937	1626541553996	OK	 
REQUEST		add a user	1626541553936	1626541553999	OK	 
REQUEST		add a user Redirect 1	1626541553995	1626541554055	KO	status.find.is(201), but actually found 200
REQUEST		add a user Redirect 1	1626541553996	1626541554053	KO	status.find.is(201), but actually found 200
REQUEST		add a user Redirect 1	1626541553995	1626541554061	KO	status.find.is(201), but actually found 200
REQUEST		add a user Redirect 1	1626541553999	1626541554061	KO	status.find.is(201), but actually found 200
REQUEST		add a user Redirect 1	1626541553997	1626541554061	KO	status.find.is(201), but actually found 200
REQUEST		add a user	1626541554131	1626541554221	OK	 
REQUEST		add a user	1626541554153	1626541554246	OK	 
REQUEST		add a user	1626541554154	1626541554246	OK	 
REQUEST		add a user	1626541554153	1626541554249	OK	 
REQUEST		add a user	1626541554176	1626541554273	OK	 
REQUEST		add a user Redirect 1	1626541554222	1626541554330	KO	status.find.is(201), but actually found 200
REQUEST		add a user Redirect 1	1626541554247	1626541554342	KO	status.find.is(201), but actually found 200
REQUEST		add a user Redirect 1	1626541554250	1626541554344	KO	status.find.is(201), but actually found 200
REQUEST		add a user Redirect 1	1626541554247	1626541554348	KO	status.find.is(201), but actually found 200
REQUEST		add a user Redirect 1	1626541554274	1626541554366	KO	status.find.is(201), but actually found 200
REQUEST		add a user Redirect 1	1626541554062	1626541554698	OK	 
REQUEST		add a user Redirect 1	1626541554062	1626541554703	OK	 
REQUEST		add a user Redirect 1	1626541554062	1626541554708	OK	 
REQUEST		add a user Redirect 1	1626541554056	1626541554715	OK	 
REQUEST		add a user Redirect 1	1626541554056	1626541554715	OK	 
REQUEST		add a user Redirect 1	1626541554331	1626541554812	OK	 
REQUEST		add a user Redirect 1	1626541554344	1626541554842	OK	 
REQUEST		add a user Redirect 1	1626541554349	1626541554851	OK	 
REQUEST		add a user Redirect 1	1626541554367	1626541554861	OK	 
REQUEST		add a user Redirect 1	1626541554343	1626541554867	OK	 
REQUEST		add a user Redirect 1	1626541558823	1626541559307	OK	 
REQUEST		add a user Redirect 1	1626541558848	1626541559316	OK	 
REQUEST		add a user Redirect 1	1626541558709	1626541559324	OK	 
REQUEST		add a user Redirect 1	1626541558716	1626541559331	OK	 
REQUEST		add a user Redirect 1	1626541558723	1626541559338	OK	 
REQUEST		add a user Redirect 1	1626541558723	1626541559343	OK	 
REQUEST		add a user Redirect 1	1626541558866	1626541559343	OK	 
REQUEST		add a user Redirect 1	1626541558716	1626541559349	OK	 
REQUEST		add a user Redirect 1	1626541558872	1626541559364	OK	 
REQUEST		add a user Redirect 1	1626541558872	1626541559518	OK	 
REQUEST		add a user Redirect 1	1626541559317	1626541559814	OK	 
REQUEST		add a user Redirect 1	1626541559309	1626541559819	OK	 
REQUEST		add a user Redirect 1	1626541559344	1626541559829	OK	 
REQUEST		add a user Redirect 1	1626541559365	1626541559851	OK	 
REQUEST		add a user Redirect 1	1626541559344	1626541559915	OK	 
REQUEST		add a user Redirect 1	1626541559326	1626541559926	OK	 
REQUEST		add a user Redirect 1	1626541559332	1626541559930	OK	 
REQUEST		add a user Redirect 1	1626541559340	1626541559943	OK	 
REQUEST		add a user Redirect 1	1626541559350	1626541559947	OK	 
REQUEST		add a user Redirect 1	1626541559519	1626541559994	OK	 
REQUEST		add a user Redirect 1	1626541563841	1626541564304	OK	 
REQUEST		add a user Redirect 1	1626541563826	1626541564312	OK	 
REQUEST		add a user Redirect 1	1626541563826	1626541564321	OK	 
REQUEST		add a user Redirect 1	1626541563865	1626541564373	OK	 
REQUEST		add a user Redirect 1	1626541564000	1626541564486	OK	 
REQUEST		add a user Redirect 1	1626541563925	1626541564524	OK	 
REQUEST		add a user Redirect 1	1626541563938	1626541564555	OK	 
REQUEST		add a user Redirect 1	1626541563935	1626541564555	OK	 
REQUEST		add a user Redirect 1	1626541563953	1626541564555	OK	 
REQUEST		add a user Redirect 1	1626541563953	1626541564563	OK	 
REQUEST		add a user Redirect 1	1626541564321	1626541564773	OK	 
REQUEST		add a user Redirect 1	1626541564306	1626541564791	OK	 
REQUEST		add a user Redirect 1	1626541564313	1626541564872	OK	 
REQUEST		add a user Redirect 1	1626541564376	1626541564878	OK	 
REQUEST		add a user Redirect 1	1626541564487	1626541564947	OK	 
REQUEST		add a user Redirect 1	1626541564526	1626541565119	OK	 
REQUEST		add a user Redirect 1	1626541564556	1626541565136	OK	 
REQUEST		add a user Redirect 1	1626541564556	1626541565145	OK	 
REQUEST		add a user Redirect 1	1626541564556	1626541565157	OK	 
REQUEST		add a user Redirect 1	1626541564564	1626541565166	OK	 
REQUEST		add a user Redirect 1	1626541568784	1626541569266	OK	 
REQUEST		add a user Redirect 1	1626541568797	1626541569332	OK	 
REQUEST		add a user Redirect 1	1626541568885	1626541569386	OK	 
REQUEST		add a user Redirect 1	1626541568881	1626541569389	OK	 
REQUEST		add a user Redirect 1	1626541568960	1626541569473	OK	 
REQUEST		add a user Redirect 1	1626541569128	1626541569759	OK	 
REQUEST		add a user Redirect 1	1626541569169	1626541569761	OK	 
REQUEST		add a user Redirect 1	1626541569145	1626541569766	OK	 
REQUEST		add a user Redirect 1	1626541569177	1626541569769	OK	 
REQUEST		add a user Redirect 1	1626541569266	1626541569774	OK	 
REQUEST		add a user Redirect 1	1626541569152	1626541569778	OK	 
REQUEST		add a user Redirect 1	1626541569333	1626541569808	OK	 
REQUEST		add a user Redirect 1	1626541569387	1626541569879	OK	 
REQUEST		add a user Redirect 1	1626541569389	1626541569900	OK	 
REQUEST		add a user Redirect 1	1626541569475	1626541569962	OK	 
REQUEST		add a user Redirect 1	1626541569772	1626541570576	OK	 
REQUEST		add a user Redirect 1	1626541569769	1626541570576	OK	 
REQUEST		add a user Redirect 1	1626541569764	1626541570576	OK	 
REQUEST		add a user Redirect 1	1626541569761	1626541570576	OK	 
REQUEST		add a user Redirect 1	1626541569779	1626541570576	OK	 
REQUEST		add a user Redirect 1	1626541573783	1626541574262	OK	 
REQUEST		add a user Redirect 1	1626541573815	1626541574306	OK	 
REQUEST		add a user Redirect 1	1626541573889	1626541574372	OK	 
REQUEST		add a user Redirect 1	1626541573908	1626541574441	OK	 
REQUEST		add a user Redirect 1	1626541573972	1626541574499	OK	 
REQUEST		add a user Redirect 1	1626541574262	1626541574754	OK	 
REQUEST		add a user Redirect 1	1626541574307	1626541574782	OK	 
REQUEST		add a user Redirect 1	1626541574373	1626541574890	OK	 
REQUEST		add a user Redirect 1	1626541574442	1626541574950	OK	 
REQUEST		add a user Redirect 1	1626541574500	1626541574980	OK	 
REQUEST		add a user Redirect 1	1626541574587	1626541575171	OK	 
REQUEST		add a user Redirect 1	1626541574587	1626541575173	OK	 
REQUEST		add a user Redirect 1	1626541574587	1626541575180	OK	 
REQUEST		add a user Redirect 1	1626541574587	1626541575183	OK	 
REQUEST		add a user Redirect 1	1626541574587	1626541575188	OK	 
REQUEST		add a user Redirect 1	1626541575172	1626541575760	OK	 
REQUEST		add a user Redirect 1	1626541575184	1626541575771	OK	 
REQUEST		add a user Redirect 1	1626541575189	1626541575775	OK	 
REQUEST		add a user Redirect 1	1626541575174	1626541575785	OK	 
REQUEST		add a user Redirect 1	1626541575181	1626541575797	OK	 
REQUEST		add a user Redirect 1	1626541578763	1626541579238	OK	 
REQUEST		add a user Redirect 1	1626541578786	1626541579302	OK	 
REQUEST		add a user Redirect 1	1626541578900	1626541579422	OK	 
REQUEST		add a user Redirect 1	1626541578954	1626541579434	OK	 
REQUEST		add a user Redirect 1	1626541578989	1626541579502	OK	 
REQUEST		add a user Redirect 1	1626541579240	1626541579735	OK	 
REQUEST		add a user Redirect 1	1626541579304	1626541579814	OK	 
REQUEST		add a user Redirect 1	1626541579424	1626541579903	OK	 
REQUEST		add a user Redirect 1	1626541579435	1626541579958	OK	 
REQUEST		add a user Redirect 1	1626541579503	1626541579983	OK	 
REQUEST		add a user Redirect 1	1626541579764	1626541580389	OK	 
REQUEST		add a user Redirect 1	1626541579791	1626541580394	OK	 
REQUEST		add a user Redirect 1	1626541579783	1626541580422	OK	 
REQUEST		add a user Redirect 1	1626541579775	1626541580426	OK	 
REQUEST		add a user Redirect 1	1626541579804	1626541580426	OK	 
REQUEST		add a user Redirect 1	1626541580390	1626541580988	OK	 
REQUEST		add a user Redirect 1	1626541580395	1626541581012	OK	 
REQUEST		add a user Redirect 1	1626541580428	1626541581023	OK	 
REQUEST		add a user Redirect 1	1626541580423	1626541581035	OK	 
REQUEST		add a user Redirect 1	1626541580428	1626541581035	OK	 
REQUEST		add a user Redirect 1	1626541583744	1626541584244	OK	 
REQUEST		add a user Redirect 1	1626541583825	1626541584318	OK	 
REQUEST		add a user Redirect 1	1626541583911	1626541584435	OK	 
REQUEST		add a user Redirect 1	1626541583961	1626541584462	OK	 
REQUEST		add a user Redirect 1	1626541583995	1626541584577	OK	 
REQUEST		add a user Redirect 1	1626541584245	1626541584729	OK	 
REQUEST		add a user Redirect 1	1626541584318	1626541584810	OK	 
REQUEST		add a user Redirect 1	1626541584435	1626541584961	OK	 
REQUEST		add a user Redirect 1	1626541584463	1626541584993	OK	 
REQUEST		add a user Redirect 1	1626541584577	1626541585067	OK	 
REQUEST		add a user Redirect 1	1626541584992	1626541585604	OK	 
REQUEST		add a user Redirect 1	1626541585020	1626541585619	OK	 
REQUEST		add a user Redirect 1	1626541585042	1626541585629	OK	 
REQUEST		add a user Redirect 1	1626541585031	1626541585640	OK	 
REQUEST		add a user Redirect 1	1626541585042	1626541585661	OK	 
REQUEST		add a user Redirect 1	1626541585605	1626541586183	OK	 
REQUEST		add a user Redirect 1	1626541585620	1626541586216	OK	 
REQUEST		add a user Redirect 1	1626541585629	1626541586219	OK	 
REQUEST		add a user Redirect 1	1626541585641	1626541586232	OK	 
REQUEST		add a user Redirect 1	1626541585662	1626541586242	OK	 
REQUEST		add a user Redirect 1	1626541588737	1626541589230	OK	 
REQUEST		add a user Redirect 1	1626541588818	1626541589298	OK	 
REQUEST		add a user Redirect 1	1626541588965	1626541589423	OK	 
REQUEST		add a user Redirect 1	1626541588999	1626541589490	OK	 
REQUEST		add a user Redirect 1	1626541589074	1626541589552	OK	 
REQUEST		add a user Redirect 1	1626541589231	1626541589711	OK	 
REQUEST		add a user Redirect 1	1626541589299	1626541589758	OK	 
REQUEST		add a user Redirect 1	1626541589553	1626541590206	OK	 
REQUEST		add a user Redirect 1	1626541589491	1626541590206	OK	 
REQUEST		add a user Redirect 1	1626541589424	1626541590206	OK	 
REQUEST		add a user Redirect 1	1626541590224	1626541590842	OK	 
REQUEST		add a user Redirect 1	1626541590223	1626541590842	OK	 
REQUEST		add a user Redirect 1	1626541590240	1626541590854	OK	 
REQUEST		add a user Redirect 1	1626541590192	1626541590855	OK	 
REQUEST		add a user Redirect 1	1626541590248	1626541591080	OK	 
REQUEST		add a user Redirect 1	1626541590843	1626541591466	OK	 
REQUEST		add a user Redirect 1	1626541590856	1626541591466	OK	 
REQUEST		add a user Redirect 1	1626541590843	1626541591466	OK	 
REQUEST		add a user Redirect 1	1626541590855	1626541591466	OK	 
REQUEST		add a user Redirect 1	1626541591083	1626541591773	OK	 
REQUEST		add a user Redirect 1	1626541593718	1626541594216	OK	 
REQUEST		add a user Redirect 1	1626541593766	1626541594245	OK	 
REQUEST		add a user Redirect 1	1626541594212	1626541594668	OK	 
REQUEST		add a user Redirect 1	1626541594216	1626541594690	OK	 
REQUEST		add a user Redirect 1	1626541594213	1626541594716	OK	 
REQUEST		add a user Redirect 1	1626541594214	1626541594737	OK	 
REQUEST		add a user Redirect 1	1626541594245	1626541594758	OK	 
REQUEST		add a user Redirect 1	1626541594669	1626541595153	OK	 
REQUEST		add a user Redirect 1	1626541594717	1626541595194	OK	 
REQUEST		add a user Redirect 1	1626541594737	1626541595269	OK	 
REQUEST		add a user Redirect 1	1626541595472	1626541596090	OK	 
REQUEST		add a user Redirect 1	1626541595472	1626541596106	OK	 
REQUEST		add a user Redirect 1	1626541595472	1626541596106	OK	 
REQUEST		add a user Redirect 1	1626541595472	1626541596109	OK	 
REQUEST		add a user Redirect 1	1626541595781	1626541596384	OK	 
REQUEST		add a user Redirect 1	1626541596106	1626541596797	OK	 
REQUEST		add a user Redirect 1	1626541596091	1626541596797	OK	 
REQUEST		add a user Redirect 1	1626541596106	1626541596799	OK	 
REQUEST		add a user Redirect 1	1626541596109	1626541596799	OK	 
REQUEST		add a user Redirect 1	1626541596385	1626541596967	OK	 
REQUEST		add a user Redirect 1	1626541598695	1626541599165	OK	 
REQUEST		add a user Redirect 1	1626541598768	1626541599225	OK	 
REQUEST		add a user Redirect 1	1626541599159	1626541599760	OK	 
REQUEST		add a user Redirect 1	1626541599165	1626541599761	OK	 
REQUEST		add a user Redirect 1	1626541599202	1626541599762	OK	 
REQUEST		add a user Redirect 1	1626541599225	1626541599762	OK	 
REQUEST		add a user Redirect 1	1626541599278	1626541599768	OK	 
REQUEST		add a user Redirect 1	1626541599761	1626541600244	OK	 
REQUEST		add a user Redirect 1	1626541599769	1626541600249	OK	 
REQUEST		add a user Redirect 1	1626541599762	1626541600277	OK	 
REQUEST		add a user Redirect 1	1626541600806	1626541601533	OK	 
REQUEST		add a user Redirect 1	1626541600806	1626541601533	OK	 
REQUEST		add a user Redirect 1	1626541600806	1626541601533	OK	 
REQUEST		add a user Redirect 1	1626541600806	1626541601533	OK	 
REQUEST		add a user Redirect 1	1626541600975	1626541601579	OK	 
REQUEST		add a user Redirect 1	1626541601534	1626541602217	OK	 
REQUEST		add a user Redirect 1	1626541601534	1626541602217	OK	 
REQUEST		add a user Redirect 1	1626541601534	1626541602217	OK	 
REQUEST		add a user Redirect 1	1626541601579	1626541602217	OK	 
REQUEST		add a user Redirect 1	1626541601534	1626541602217	OK	 
REQUEST		add a user Redirect 1	1626541603768	1626541604255	OK	 
REQUEST		add a user Redirect 1	1626541603768	1626541604266	OK	 
REQUEST		add a user Redirect 1	1626541604266	1626541604782	OK	 
REQUEST		add a user Redirect 1	1626541604252	1626541604782	OK	 
REQUEST		add a user Redirect 1	1626541604256	1626541604782	OK	 
REQUEST		add a user Redirect 1	1626541604284	1626541604782	OK	 
REQUEST		add a user Redirect 1	1626541604259	1626541604862	OK	 
REQUEST		add a user Redirect 1	1626541604782	1626541605297	OK	 
REQUEST		add a user Redirect 1	1626541604783	1626541605303	OK	 
REQUEST		add a user Redirect 1	1626541604863	1626541605339	OK	 
REQUEST		add a user Redirect 1	1626541606227	1626541606826	OK	 
REQUEST		add a user Redirect 1	1626541606227	1626541606826	OK	 
REQUEST		add a user Redirect 1	1626541606227	1626541606826	OK	 
REQUEST		add a user Redirect 1	1626541606227	1626541606826	OK	 
REQUEST		add a user Redirect 1	1626541606227	1626541606826	OK	 
REQUEST		add a user Redirect 1	1626541606827	1626541607394	OK	 
REQUEST		add a user Redirect 1	1626541606827	1626541607409	OK	 
REQUEST		add a user Redirect 1	1626541606827	1626541607410	OK	 
REQUEST		add a user Redirect 1	1626541606827	1626541607410	OK	 
REQUEST		add a user Redirect 1	1626541606827	1626541607418	OK	 
REQUEST		add a user Redirect 1	1626541608785	1626541609278	OK	 
REQUEST		add a user Redirect 1	1626541608785	1626541609278	OK	 
